[24312:24136:0622/091023.617:WARNING:chrome_main_delegate.cc(745)] This is Chrome version 128.0.6613.138 (not a warning)
[24312:23200:0622/091023.664:ERROR:google_update_settings.cc(265)] Failed opening key Software\Chromium to set usagestats; result: 5
[24312:24136:0622/091023.700:WARNING:account_consistency_mode_manager.cc(77)] Desktop Identity Consistency cannot be enabled as no OAuth client ID and client secret have been configured.
[13600:10896:0622/091028.125:WARNING:frame_impl.cc(430)] virtual CefFrameImpl::SendProcessMessage sent to detached frame 5-7718C7A34168009A912E3B04D9E36837 will be ignored
[10680:5924:0622/091029.123:WARNING:codec.cc(525)] Explicitly added H264 constrained baseline to list of supported formats.
[10680:11328:0622/091029.148:WARNING:codec.cc(525)] Explicitly added H264 constrained baseline to list of supported formats.
[10680:11328:0622/091029.148:WARNING:codec.cc(525)] Explicitly added H264 constrained baseline to list of supported formats.
[10680:11328:0622/091029.148:WARNING:codec.cc(525)] Explicitly added H264 constrained baseline to list of supported formats.
[8408:12400:0622/091029.426:WARNING:host_resolver_dns_task.cc(863)] Address list empty after RFC3484 sort
[8408:12400:0622/091029.431:ERROR:socket_manager.cc(147)] Failed to resolve address for stun.cloudflare.com., errorcode: -105
[8408:12400:0622/091029.431:ERROR:socket_manager.cc(147)] Failed to resolve address for stun.cloudflare.com., errorcode: -105
[8408:12400:0622/091029.431:ERROR:socket_manager.cc(147)] Failed to resolve address for stun.cloudflare.com., errorcode: -105
[10680:11328:0622/091029.431:WARNING:stun_port.cc(442)] Port[138d000:0:1:0:host:Net[any:0:0:0:x:x:x:x:x/0:Wildcard:id=0]]: StunPort: stun host lookup received error -1
[10680:11328:0622/091029.431:WARNING:stun_port.cc(442)] Port[138d800:1:1:0:host:Net[any:0:0:0:x:x:x:x:x/0:Wildcard:id=0]]: StunPort: stun host lookup received error -1
[10680:11328:0622/091029.431:WARNING:stun_port.cc(442)] Port[138e000:2:1:0:host:Net[any:0:0:0:x:x:x:x:x/0:Wildcard:id=0]]: StunPort: stun host lookup received error -1
[24312:21528:0622/091030.085:WARNING:browser_info.cc(345)] Returning a speculative frame for [7,9]
[24312:24136:0622/091030.414:WARNING:browser_info.cc(345)] Returning a speculative frame for [8,9]
[24312:24136:0622/091030.414:WARNING:browser_info.cc(345)] Returning a speculative frame for [8,9]
[24312:24136:0622/091030.414:WARNING:browser_info.cc(345)] Returning a speculative frame for [8,9]
[24312:24136:0622/091030.414:WARNING:browser_info.cc(345)] Returning a speculative frame for [8,9]
[24312:21528:0622/091030.423:WARNING:browser_info.cc(345)] Returning a speculative frame for [8,9]
[18036:19828:0622/091031.745:WARNING:codec.cc(525)] Explicitly added H264 constrained baseline to list of supported formats.
[18036:10628:0622/091031.794:WARNING:codec.cc(525)] Explicitly added H264 constrained baseline to list of supported formats.
[18036:10628:0622/091031.794:WARNING:codec.cc(525)] Explicitly added H264 constrained baseline to list of supported formats.
[18036:10628:0622/091031.795:WARNING:codec.cc(525)] Explicitly added H264 constrained baseline to list of supported formats.
[8408:12400:0622/091032.100:WARNING:host_resolver_dns_task.cc(863)] Address list empty after RFC3484 sort
[8408:12400:0622/091032.100:ERROR:socket_manager.cc(147)] Failed to resolve address for stun.cloudflare.com., errorcode: -105
[8408:12400:0622/091032.100:ERROR:socket_manager.cc(147)] Failed to resolve address for stun.cloudflare.com., errorcode: -105
[8408:12400:0622/091032.100:ERROR:socket_manager.cc(147)] Failed to resolve address for stun.cloudflare.com., errorcode: -105
[18036:10628:0622/091032.100:WARNING:stun_port.cc(442)] Port[12a6000:0:1:0:host:Net[any:0:0:0:x:x:x:x:x/0:Wildcard:id=0]]: StunPort: stun host lookup received error -1
[18036:10628:0622/091032.100:WARNING:stun_port.cc(442)] Port[12a6800:1:1:0:host:Net[any:0:0:0:x:x:x:x:x/0:Wildcard:id=0]]: StunPort: stun host lookup received error -1
[18036:10628:0622/091032.100:WARNING:stun_port.cc(442)] Port[12a7000:2:1:0:host:Net[any:0:0:0:x:x:x:x:x/0:Wildcard:id=0]]: StunPort: stun host lookup received error -1
[18036:19828:0622/091037.748:WARNING:codec.cc(525)] Explicitly added H264 constrained baseline to list of supported formats.
[18036:19828:0622/091037.751:WARNING:codec.cc(525)] Explicitly added H264 constrained baseline to list of supported formats.
[18036:10628:0622/091037.755:WARNING:codec.cc(525)] Explicitly added H264 constrained baseline to list of supported formats.
[18036:10628:0622/091037.755:WARNING:codec.cc(525)] Explicitly added H264 constrained baseline to list of supported formats.
[18036:10628:0622/091037.755:WARNING:codec.cc(525)] Explicitly added H264 constrained baseline to list of supported formats.
[8408:12400:0622/091038.082:WARNING:host_resolver_dns_task.cc(863)] Address list empty after RFC3484 sort
[8408:12400:0622/091038.082:ERROR:socket_manager.cc(147)] Failed to resolve address for stun.cloudflare.com., errorcode: -105
[8408:12400:0622/091038.307:WARNING:host_resolver_dns_task.cc(863)] Address list empty after RFC3484 sort
[8408:12400:0622/091038.307:ERROR:socket_manager.cc(147)] Failed to resolve address for stun.cloudflare.com., errorcode: -105
[8408:12400:0622/091038.307:ERROR:socket_manager.cc(147)] Failed to resolve address for stun.cloudflare.com., errorcode: -105
[3076:3432:0622/091241.552:ERROR:shared_image_manager.cc(224)] SharedImageManager::ProduceSkia: Trying to Produce a Skia representation from a non-existent mailbox.
[3076:3432:0622/091241.552:ERROR:shared_image_manager.cc(224)] SharedImageManager::ProduceSkia: Trying to Produce a Skia representation from a non-existent mailbox.
[24312:24136:0622/100858.769:WARNING:pref_notifier_impl.cc(41)] Pref observer for media_router.cast_allow_all_ips found at shutdown.
