[24212:17928:0618/150214.371:WARNING:chrome_main_delegate.cc(745)] This is Chrome version 128.0.6613.138 (not a warning)
[24212:8764:0618/150214.471:ERROR:google_update_settings.cc(265)] Failed opening key Software\Chromium to set usagestats; result: 5
[24212:17928:0618/150214.529:WARNING:account_consistency_mode_manager.cc(77)] Desktop Identity Consistency cannot be enabled as no OAuth client ID and client secret have been configured.
[19292:16884:0618/150221.379:WARNING:frame_impl.cc(430)] virtual CefFrameImpl::SendProcessMessage sent to detached frame 5-86D3C62B1621B1DAE2EF8CFBD6907FC3 will be ignored
[12840:3376:0618/150222.937:WARNING:codec.cc(525)] Explicitly added H264 constrained baseline to list of supported formats.
[12840:13124:0618/150222.964:WARNING:codec.cc(525)] Explicitly added H264 constrained baseline to list of supported formats.
[12840:13124:0618/150222.964:WARNING:codec.cc(525)] Explicitly added H264 constrained baseline to list of supported formats.
[12840:13124:0618/150222.965:WARNING:codec.cc(525)] Explicitly added H264 constrained baseline to list of supported formats.
[6356:21356:0618/150223.014:WARNING:host_resolver_dns_task.cc(863)] Address list empty after RFC3484 sort
[6356:21356:0618/150223.016:ERROR:socket_manager.cc(147)] Failed to resolve address for stun.cloudflare.com., errorcode: -105
[6356:21356:0618/150223.016:ERROR:socket_manager.cc(147)] Failed to resolve address for stun.cloudflare.com., errorcode: -105
[6356:21356:0618/150223.016:ERROR:socket_manager.cc(147)] Failed to resolve address for stun.cloudflare.com., errorcode: -105
[12840:13124:0618/150223.016:WARNING:stun_port.cc(442)] Port[1074000:0:1:0:host:Net[any:0:0:0:x:x:x:x:x/0:Wildcard:id=0]]: StunPort: stun host lookup received error -1
[12840:13124:0618/150223.016:WARNING:stun_port.cc(442)] Port[1074400:1:1:0:host:Net[any:0:0:0:x:x:x:x:x/0:Wildcard:id=0]]: StunPort: stun host lookup received error -1
[12840:13124:0618/150223.016:WARNING:stun_port.cc(442)] Port[1074c00:2:1:0:host:Net[any:0:0:0:x:x:x:x:x/0:Wildcard:id=0]]: StunPort: stun host lookup received error -1
[24212:9500:0618/150224.347:WARNING:browser_info.cc(345)] Returning a speculative frame for [7,9]
[24212:17928:0618/150225.004:WARNING:browser_info.cc(345)] Returning a speculative frame for [9,9]
[24212:17928:0618/150225.004:WARNING:browser_info.cc(345)] Returning a speculative frame for [9,9]
[24212:17928:0618/150225.004:WARNING:browser_info.cc(345)] Returning a speculative frame for [9,9]
[24212:17928:0618/150225.004:WARNING:browser_info.cc(345)] Returning a speculative frame for [9,9]
[24212:9500:0618/150225.013:WARNING:browser_info.cc(345)] Returning a speculative frame for [9,9]
[7676:1248:0618/150226.333:WARNING:codec.cc(525)] Explicitly added H264 constrained baseline to list of supported formats.
[7676:19368:0618/150226.407:WARNING:codec.cc(525)] Explicitly added H264 constrained baseline to list of supported formats.
[7676:19368:0618/150226.407:WARNING:codec.cc(525)] Explicitly added H264 constrained baseline to list of supported formats.
[7676:19368:0618/150226.407:WARNING:codec.cc(525)] Explicitly added H264 constrained baseline to list of supported formats.
[6356:21356:0618/150226.679:WARNING:host_resolver_dns_task.cc(863)] Address list empty after RFC3484 sort
[6356:21356:0618/150226.679:ERROR:socket_manager.cc(147)] Failed to resolve address for stun.cloudflare.com., errorcode: -105
[6356:21356:0618/150226.679:ERROR:socket_manager.cc(147)] Failed to resolve address for stun.cloudflare.com., errorcode: -105
[6356:21356:0618/150226.679:ERROR:socket_manager.cc(147)] Failed to resolve address for stun.cloudflare.com., errorcode: -105
[7676:19368:0618/150226.679:WARNING:stun_port.cc(442)] Port[ef3400:0:1:0:host:Net[any:0:0:0:x:x:x:x:x/0:Wildcard:id=0]]: StunPort: stun host lookup received error -1
[7676:19368:0618/150226.679:WARNING:stun_port.cc(442)] Port[1270800:1:1:0:host:Net[any:0:0:0:x:x:x:x:x/0:Wildcard:id=0]]: StunPort: stun host lookup received error -1
[7676:19368:0618/150226.679:WARNING:stun_port.cc(442)] Port[1271000:2:1:0:host:Net[any:0:0:0:x:x:x:x:x/0:Wildcard:id=0]]: StunPort: stun host lookup received error -1
[7676:1248:0618/150230.234:WARNING:codec.cc(525)] Explicitly added H264 constrained baseline to list of supported formats.
[11044:11084:0618/150436.981:ERROR:shared_image_manager.cc(224)] SharedImageManager::ProduceSkia: Trying to Produce a Skia representation from a non-existent mailbox.
[11044:11084:0618/150436.981:ERROR:shared_image_manager.cc(224)] SharedImageManager::ProduceSkia: Trying to Produce a Skia representation from a non-existent mailbox.
[24212:17928:0618/154909.963:ERROR:device_event_log_impl.cc(196)] [15:49:09.747] USB: usb_service_win.cc:105 SetupDiGetDeviceProperty({{A45C254E-DF1C-4EFD-8020-67D146A850E0}, 6}) failed: 요소가 없습니다. (0x490)
[24212:17928:0618/164946.265:ERROR:device_event_log_impl.cc(196)] [16:49:45.982] USB: usb_service_win.cc:105 SetupDiGetDeviceProperty({{A45C254E-DF1C-4EFD-8020-67D146A850E0}, 6}) failed: 요소가 없습니다. (0x490)
[24212:17928:0618/173905.711:WARNING:pref_notifier_impl.cc(41)] Pref observer for media_router.cast_allow_all_ips found at shutdown.
